  Entity.cpp
  Game.cpp
C:\Users\Guillem\Documents\GitHub\Snake\Game.cpp(44,2): error C2065: 'ColliderTest': identificador no declarado
C:\Users\Guillem\Documents\GitHub\Snake\Game.cpp(45,2): error C2065: 'ColliderTest': identificador no declarado
  main.cpp
  Generando código...
